This file contains any messages produced by compilers while
running configure, to aid debugging if configure makes a mistake.

It was created by configure, which was
generated by GNU Autoconf 2.71.  Invocation command line was

  $ ./configure --target=x86_64-windows --enable-smp --enable-sb16 --enable-debugger --enable-debugger-gui --enable-ne2000 --enable-cdrom --enable-all-optimizations --enable-cpu-level=6 --enable-x86-64 --enable-vmx=2 --enable-pci --enable-clgd54xx --enable-voodoo --enable-usb --enable-usb-ohci --enable-usb-ehci --enable-usb-xhci --enable-busmouse --enable-es1370 --enable-e1000 --enable-show-ips --with-win32 --with-rfb --with-nogui

## --------- ##
## Platform. ##
## --------- ##

hostname = dreglap
uname -m = x86_64
uname -r = 3.4.7-1.x86_64
uname -s = CYGWIN_NT-10.0-22621
uname -v = 2023-06-16 14:04 UTC

/usr/bin/uname -p = unknown
/bin/uname -X     = unknown

/bin/arch              = x86_64
/usr/bin/arch -k       = unknown
/usr/convex/getsysinfo = unknown
/usr/bin/hostinfo      = unknown
/bin/machine           = unknown
/usr/bin/oslevel       = unknown
/bin/universe          = unknown

PATH: /usr/local/bin/
PATH: /usr/bin/
PATH: /cygdrive/c/Program Files/Python311/Scripts/
PATH: /cygdrive/c/Program Files/Python311/
PATH: /cygdrive/c/Program Files (x86)/VMware/VMware Workstation/bin/
PATH: /cygdrive/c/Windows/system32/
PATH: /cygdrive/c/Windows/
PATH: /cygdrive/c/Windows/System32/Wbem/
PATH: /cygdrive/c/Windows/System32/WindowsPowerShell/v1.0/
PATH: /cygdrive/c/Windows/System32/OpenSSH/
PATH: /cygdrive/c/Program Files/PuTTY/
PATH: /cygdrive/c/Program Files/NVIDIA Corporation/NVIDIA NvDLISR/
PATH: /cygdrive/c/Program Files (x86)/NVIDIA Corporation/PhysX/Common/
PATH: /cygdrive/c/Program Files/010 Editor/
PATH: /cygdrive/c/Program Files (x86)/GitExtensions/
PATH: /cygdrive/c/Program Files/dotnet/
PATH: /cygdrive/c/Program Files/Git/cmd/
PATH: /cygdrive/c/Program Files (x86)/Windows Kits/10/Windows Performance Toolkit/
PATH: /cygdrive/c/Program Files/Microsoft SQL Server/110/Tools/Binn/
PATH: /cygdrive/c/Program Files (x86)/Microsoft SDKs/TypeScript/1.0/
PATH: /cygdrive/c/Program Files/Microsoft SQL Server/120/Tools/Binn/
PATH: /cygdrive/c/Users/dreg/AppData/Local/Microsoft/WindowsApps/
PATH: /cygdrive/c/SysinternalsSuite/
PATH: /cygdrive/c/stuff/
PATH: /cygdrive/c/MinGW/bin/
PATH: /cygdrive/c/Users/dreg/AppData/Local/Programs/Microsoft VS Code/bin/
PATH: /cygdrive/c/Users/dreg/AppData/Local/bin/NASM/
PATH: /cygdrive/c/Program Files (x86)/GnuWin32/bin/
PATH: /cygdrive/c/winflexbison/
PATH: /cygdrive/c/Users/dreg/vcpkg/


## ----------- ##
## Core tests. ##
## ----------- ##

configure:3638: looking for aux files: config.guess config.sub
configure:3651:  trying ./
configure:3680:   ./config.guess found
configure:3680:   ./config.sub found
configure:3816: checking build system type
configure:3831: result: x86_64-pc-cygwin
configure:3851: checking host system type
configure:3865: result: x86_64-pc-cygwin
configure:3885: checking target system type
configure:3899: result: x86_64-pc-windows
configure:3926: checking if you are configuring for another platform
configure:3929: result: yes
configure:4010: checking for standard CFLAGS on this platform
configure:4012: result: 
configure:4095: checking for gcc
configure:4116: found /usr/bin/gcc
configure:4127: result: gcc
configure:4480: checking for C compiler version
configure:4489: gcc --version >&5
gcc (GCC) 11.4.0
Copyright (C) 2021 Free Software Foundation, Inc.
This is free software; see the source for copying conditions.  There is NO
warranty; not even for MERCHANTABILITY or FITNESS FOR A PARTICULAR PURPOSE.

configure:4500: $? = 0
configure:4489: gcc -v >&5
Using built-in specs.
COLLECT_GCC=gcc
COLLECT_LTO_WRAPPER=/usr/lib/gcc/x86_64-pc-cygwin/11/lto-wrapper.exe
Target: x86_64-pc-cygwin
Configured with: /mnt/share/cygpkgs/gcc/gcc.x86_64/src/gcc-11.4.0/configure --srcdir=/mnt/share/cygpkgs/gcc/gcc.x86_64/src/gcc-11.4.0 --prefix=/usr --exec-prefix=/usr --localstatedir=/var --sysconfdir=/etc --docdir=/usr/share/doc/gcc --htmldir=/usr/share/doc/gcc/html -C --build=x86_64-pc-cygwin --host=x86_64-pc-cygwin --target=x86_64-pc-cygwin --without-libiconv-prefix --without-libintl-prefix --libexecdir=/usr/lib --with-gcc-major-version-only --enable-shared --enable-shared-libgcc --enable-static --enable-version-specific-runtime-libs --enable-bootstrap --enable-__cxa_atexit --with-dwarf2 --with-tune=generic --enable-languages=ada,c,c++,d,fortran,lto,objc,obj-c++,jit --enable-graphite --enable-threads=posix --enable-libatomic --enable-libgomp --enable-libquadmath --enable-libquadmath-support --disable-libssp --enable-libada --disable-symvers --disable-multilib --with-gnu-ld --with-gnu-as --with-cloog-include=/usr/include/cloog-isl --without-libiconv-prefix --without-libintl-prefix --with-system-zlib --enable-linker-build-id --with-default-libstdcxx-abi=gcc4-compatible --enable-libstdcxx-filesystem-ts
Thread model: posix
Supported LTO compression algorithms: zlib zstd
gcc version 11.4.0 (GCC) 
configure:4500: $? = 0
configure:4489: gcc -V >&5
gcc: error: unrecognized command-line option '-V'
gcc: fatal error: no input files
compilation terminated.
configure:4500: $? = 1
configure:4489: gcc -qversion >&5
gcc: error: unrecognized command-line option '-qversion'; did you mean '--version'?
gcc: fatal error: no input files
compilation terminated.
configure:4500: $? = 1
configure:4489: gcc -version >&5
gcc: error: unrecognized command-line option '-version'
gcc: fatal error: no input files
compilation terminated.
configure:4500: $? = 1
configure:4520: checking whether the C compiler works
configure:4542: gcc    conftest.c  >&5
configure:4546: $? = 0
configure:4596: result: yes
configure:4599: checking for C compiler default output file name
configure:4601: result: a.exe
configure:4607: checking for suffix of executables
configure:4614: gcc -o conftest.exe    conftest.c  >&5
configure:4618: $? = 0
configure:4641: result: .exe
configure:4663: checking whether we are cross compiling
configure:4671: gcc -o conftest.exe    conftest.c  >&5
configure:4675: $? = 0
configure:4682: ./conftest.exe
configure:4686: $? = 0
configure:4701: result: no
configure:4706: checking for suffix of object files
configure:4729: gcc -c   conftest.c >&5
configure:4733: $? = 0
configure:4755: result: o
configure:4759: checking whether the compiler supports GNU C
configure:4779: gcc -c   conftest.c >&5
configure:4779: $? = 0
configure:4789: result: yes
configure:4800: checking whether gcc accepts -g
configure:4821: gcc -c -g  conftest.c >&5
configure:4821: $? = 0
configure:4865: result: yes
configure:4885: checking for gcc option to enable C11 features
configure:4900: gcc  -c -g -O2  conftest.c >&5
configure:4900: $? = 0
configure:4918: result: none needed
configure:5097: checking for g++
configure:5118: found /usr/bin/g++
configure:5129: result: g++
configure:5156: checking for C++ compiler version
configure:5165: g++ --version >&5
g++ (GCC) 11.4.0
Copyright (C) 2021 Free Software Foundation, Inc.
This is free software; see the source for copying conditions.  There is NO
warranty; not even for MERCHANTABILITY or FITNESS FOR A PARTICULAR PURPOSE.

configure:5176: $? = 0
configure:5165: g++ -v >&5
Using built-in specs.
COLLECT_GCC=g++
COLLECT_LTO_WRAPPER=/usr/lib/gcc/x86_64-pc-cygwin/11/lto-wrapper.exe
Target: x86_64-pc-cygwin
Configured with: /mnt/share/cygpkgs/gcc/gcc.x86_64/src/gcc-11.4.0/configure --srcdir=/mnt/share/cygpkgs/gcc/gcc.x86_64/src/gcc-11.4.0 --prefix=/usr --exec-prefix=/usr --localstatedir=/var --sysconfdir=/etc --docdir=/usr/share/doc/gcc --htmldir=/usr/share/doc/gcc/html -C --build=x86_64-pc-cygwin --host=x86_64-pc-cygwin --target=x86_64-pc-cygwin --without-libiconv-prefix --without-libintl-prefix --libexecdir=/usr/lib --with-gcc-major-version-only --enable-shared --enable-shared-libgcc --enable-static --enable-version-specific-runtime-libs --enable-bootstrap --enable-__cxa_atexit --with-dwarf2 --with-tune=generic --enable-languages=ada,c,c++,d,fortran,lto,objc,obj-c++,jit --enable-graphite --enable-threads=posix --enable-libatomic --enable-libgomp --enable-libquadmath --enable-libquadmath-support --disable-libssp --enable-libada --disable-symvers --disable-multilib --with-gnu-ld --with-gnu-as --with-cloog-include=/usr/include/cloog-isl --without-libiconv-prefix --without-libintl-prefix --with-system-zlib --enable-linker-build-id --with-default-libstdcxx-abi=gcc4-compatible --enable-libstdcxx-filesystem-ts
Thread model: posix
Supported LTO compression algorithms: zlib zstd
gcc version 11.4.0 (GCC) 
configure:5176: $? = 0
configure:5165: g++ -V >&5
g++: error: unrecognized command-line option '-V'
g++: fatal error: no input files
compilation terminated.
configure:5176: $? = 1
configure:5165: g++ -qversion >&5
g++: error: unrecognized command-line option '-qversion'; did you mean '--version'?
g++: fatal error: no input files
compilation terminated.
configure:5176: $? = 1
configure:5180: checking whether the compiler supports GNU C++
configure:5200: g++ -c   conftest.cpp >&5
configure:5200: $? = 0
configure:5210: result: yes
configure:5221: checking whether g++ accepts -g
configure:5242: g++ -c -g  conftest.cpp >&5
configure:5242: $? = 0
configure:5286: result: yes
configure:5306: checking for g++ option to enable C++11 features
configure:5321: g++  -c -g -O2  conftest.cpp >&5
conftest.cpp: In function 'int main(int, char**)':
conftest.cpp:176:25: warning: empty parentheses were disambiguated as a function declaration [-Wvexing-parse]
  176 |   cxx11test::delegate d2();
      |                         ^~
conftest.cpp:176:25: note: remove parentheses to default-initialize a variable
  176 |   cxx11test::delegate d2();
      |                         ^~
      |                         --
conftest.cpp:176:25: note: or replace parentheses with braces to value-initialize a variable
configure:5321: $? = 0
configure:5339: result: none needed
configure:5403: checking whether make sets $(MAKE)
configure:5426: result: yes
configure:20382: checking for pkg-config
configure:20418: result: not_found
configure:20432: checking how to run the C preprocessor
configure:20458: gcc -E  conftest.c
configure:20458: $? = 0
configure:20473: gcc -E  conftest.c
conftest.c:10:10: fatal error: ac_nonexistent.h: No such file or directory
   10 | #include <ac_nonexistent.h>
      |          ^~~~~~~~~~~~~~~~~~
compilation terminated.
configure:20473: $? = 1
configure: failed program was:
| /* confdefs.h */
| #define PACKAGE_NAME ""
| #define PACKAGE_TARNAME ""
| #define PACKAGE_VERSION ""
| #define PACKAGE_STRING ""
| #define PACKAGE_BUGREPORT ""
| #define PACKAGE_URL ""
| #define MSVC_TARGET 64
| /* end confdefs.h.  */
| #include <ac_nonexistent.h>
configure:20500: result: gcc -E
configure:20514: gcc -E  conftest.c
configure:20514: $? = 0
configure:20529: gcc -E  conftest.c
conftest.c:10:10: fatal error: ac_nonexistent.h: No such file or directory
   10 | #include <ac_nonexistent.h>
      |          ^~~~~~~~~~~~~~~~~~
compilation terminated.
configure:20529: $? = 1
configure: failed program was:
| /* confdefs.h */
| #define PACKAGE_NAME ""
| #define PACKAGE_TARNAME ""
| #define PACKAGE_VERSION ""
| #define PACKAGE_STRING ""
| #define PACKAGE_BUGREPORT ""
| #define PACKAGE_URL ""
| #define MSVC_TARGET 64
| /* end confdefs.h.  */
| #include <ac_nonexistent.h>
configure:20560: checking for X
configure:20598: gcc -o conftest.exe -g -O2   conftest.c -lX11  >&5
conftest.c:10:10: fatal error: X11/Xlib.h: No such file or directory
   10 | #include <X11/Xlib.h>
      |          ^~~~~~~~~~~~
compilation terminated.
configure:20598: $? = 1
configure: failed program was:
| /* confdefs.h */
| #define PACKAGE_NAME ""
| #define PACKAGE_TARNAME ""
| #define PACKAGE_VERSION ""
| #define PACKAGE_STRING ""
| #define PACKAGE_BUGREPORT ""
| #define PACKAGE_URL ""
| #define MSVC_TARGET 64
| /* end confdefs.h.  */
| #include <X11/Xlib.h>
| int
| main (void)
| {
| XrmInitialize ()
|   ;
|   return 0;
| }
configure:20700: gcc -E  conftest.c
conftest.c:10:10: fatal error: X11/Xlib.h: No such file or directory
   10 | #include <X11/Xlib.h>
      |          ^~~~~~~~~~~~
compilation terminated.
configure:20700: $? = 1
configure: failed program was:
| /* confdefs.h */
| #define PACKAGE_NAME ""
| #define PACKAGE_TARNAME ""
| #define PACKAGE_VERSION ""
| #define PACKAGE_STRING ""
| #define PACKAGE_BUGREPORT ""
| #define PACKAGE_URL ""
| #define MSVC_TARGET 64
| /* end confdefs.h.  */
| #include <X11/Xlib.h>
configure:20732: gcc -o conftest.exe -g -O2   conftest.c -lX11  >&5
conftest.c:10:10: fatal error: X11/Xlib.h: No such file or directory
   10 | #include <X11/Xlib.h>
      |          ^~~~~~~~~~~~
compilation terminated.
configure:20732: $? = 1
configure: failed program was:
| /* confdefs.h */
| #define PACKAGE_NAME ""
| #define PACKAGE_TARNAME ""
| #define PACKAGE_VERSION ""
| #define PACKAGE_STRING ""
| #define PACKAGE_BUGREPORT ""
| #define PACKAGE_URL ""
| #define MSVC_TARGET 64
| /* end confdefs.h.  */
| #include <X11/Xlib.h>
| int
| main (void)
| {
| XrmInitialize ()
|   ;
|   return 0;
| }
configure:20774: result: no
configure:21285: checking whether byte ordering is bigendian
configure:21301: gcc -c -g -O2  conftest.c >&5
conftest.c:12:16: error: unknown type name 'not'
   12 |                not a universal capable compiler
      |                ^~~
conftest.c:12:22: error: expected '=', ',', ';', 'asm' or '__attribute__' before 'universal'
   12 |                not a universal capable compiler
      |                      ^~~~~~~~~
conftest.c:12:22: error: unknown type name 'universal'
configure:21301: $? = 1
configure: failed program was:
| /* confdefs.h */
| #define PACKAGE_NAME ""
| #define PACKAGE_TARNAME ""
| #define PACKAGE_VERSION ""
| #define PACKAGE_STRING ""
| #define PACKAGE_BUGREPORT ""
| #define PACKAGE_URL ""
| #define MSVC_TARGET 64
| #define X_DISPLAY_MISSING 1
| /* end confdefs.h.  */
| #ifndef __APPLE_CC__
| 	       not a universal capable compiler
| 	     #endif
| 	     typedef int dummy;
| 
configure:21347: gcc -c -g -O2  conftest.c >&5
configure:21347: $? = 0
configure:21366: gcc -c -g -O2  conftest.c >&5
conftest.c: In function 'main':
conftest.c:18:18: error: unknown type name 'not'; did you mean 'ino_t'?
   18 |                  not big endian
      |                  ^~~
      |                  ino_t
conftest.c:18:26: error: expected '=', ',', ';', 'asm' or '__attribute__' before 'endian'
   18 |                  not big endian
      |                          ^~~~~~
configure:21366: $? = 1
configure: failed program was:
| /* confdefs.h */
| #define PACKAGE_NAME ""
| #define PACKAGE_TARNAME ""
| #define PACKAGE_VERSION ""
| #define PACKAGE_STRING ""
| #define PACKAGE_BUGREPORT ""
| #define PACKAGE_URL ""
| #define MSVC_TARGET 64
| #define X_DISPLAY_MISSING 1
| /* end confdefs.h.  */
| #include <sys/types.h>
| 		#include <sys/param.h>
| 
| int
| main (void)
| {
| #if BYTE_ORDER != BIG_ENDIAN
| 		 not big endian
| 		#endif
| 
|   ;
|   return 0;
| }
configure:21500: result: no
configure:21522: checking size of unsigned char
configure:21528: gcc -o conftest.exe -g -O2   conftest.c  >&5
configure:21528: $? = 0
configure:21528: ./conftest.exe
configure:21528: $? = 0
configure:21543: result: 1
configure:21555: checking size of unsigned short
configure:21561: gcc -o conftest.exe -g -O2   conftest.c  >&5
configure:21561: $? = 0
configure:21561: ./conftest.exe
configure:21561: $? = 0
configure:21576: result: 2
configure:21588: checking size of unsigned int
configure:21594: gcc -o conftest.exe -g -O2   conftest.c  >&5
configure:21594: $? = 0
configure:21594: ./conftest.exe
configure:21594: $? = 0
configure:21609: result: 4
configure:21621: checking size of unsigned long
configure:21627: gcc -o conftest.exe -g -O2   conftest.c  >&5
configure:21627: $? = 0
configure:21627: ./conftest.exe
configure:21627: $? = 0
configure:21642: result: 8
configure:21654: checking size of unsigned long long
configure:21660: gcc -o conftest.exe -g -O2   conftest.c  >&5
configure:21660: $? = 0
configure:21660: ./conftest.exe
configure:21660: $? = 0
configure:21675: result: 8
configure:21721: checking for getenv
configure:21721: gcc -o conftest.exe -g -O2   conftest.c  >&5
configure:21721: $? = 0
configure:21721: result: yes
configure:21733: checking for setenv
configure:21733: gcc -o conftest.exe -g -O2   conftest.c  >&5
configure:21733: $? = 0
configure:21733: result: yes
configure:21745: checking for snprintf
configure:21745: gcc -o conftest.exe -g -O2   conftest.c  >&5
conftest.c:36:6: warning: conflicting types for built-in function 'snprintf'; expected 'int(char *, long unsigned int,  const char *, ...)' [-Wbuiltin-declaration-mismatch]
   36 | char snprintf ();
      |      ^~~~~~~~
conftest.c:28:1: note: 'snprintf' is declared in header '<stdio.h>'
   27 | #include <limits.h>
   28 | #undef snprintf
configure:21745: $? = 0
configure:21745: result: yes
configure:21757: checking for vsnprintf
configure:21757: gcc -o conftest.exe -g -O2   conftest.c  >&5
conftest.c:38:6: warning: conflicting types for built-in function 'vsnprintf'; expected 'int(char *, long unsigned int,  const char *, char *)' [-Wbuiltin-declaration-mismatch]
   38 | char vsnprintf ();
      |      ^~~~~~~~~
conftest.c:30:1: note: 'vsnprintf' is declared in header '<stdio.h>'
   29 | #include <limits.h>
   30 | #undef vsnprintf
configure:21757: $? = 0
configure:21757: result: yes
configure:22063: checking for sleep
configure:22063: gcc -o conftest.exe -g -O2   conftest.c  >&5
conftest.c:41: warning: "BX_HAVE_SETENV" redefined
   41 | #define BX_HAVE_SETENV 0
      | 
conftest.c:18: note: this is the location of the previous definition
   18 | #define BX_HAVE_SETENV 1
      | 
configure:22063: $? = 0
configure:22063: result: yes
configure:22075: checking for nanosleep
configure:22075: gcc -o conftest.exe -g -O2   conftest.c  >&5
conftest.c:41: warning: "BX_HAVE_SETENV" redefined
   41 | #define BX_HAVE_SETENV 0
      | 
conftest.c:18: note: this is the location of the previous definition
   18 | #define BX_HAVE_SETENV 1
      | 
configure:22075: $? = 0
configure:22075: result: yes
configure:22087: checking for abort
configure:22087: gcc -o conftest.exe -g -O2   conftest.c  >&5
conftest.c:41: warning: "BX_HAVE_SETENV" redefined
   41 | #define BX_HAVE_SETENV 0
      | 
conftest.c:18: note: this is the location of the previous definition
   18 | #define BX_HAVE_SETENV 1
      | 
conftest.c:64:6: warning: conflicting types for built-in function 'abort'; expected 'void(void)' [-Wbuiltin-declaration-mismatch]
   64 | char abort ();
      |      ^~~~~
conftest.c:56:1: note: 'abort' is declared in header '<stdlib.h>'
   55 | #include <limits.h>
   56 | #undef abort
configure:22087: $? = 0
configure:22087: result: yes
configure:22096: checking for struct sockaddr_in.sin_len
configure:22096: gcc -c -g -O2  conftest.c >&5
conftest.c:41: warning: "BX_HAVE_SETENV" redefined
   41 | #define BX_HAVE_SETENV 0
      | 
conftest.c:18: note: this is the location of the previous definition
   18 | #define BX_HAVE_SETENV 1
      | 
conftest.c: In function 'main':
conftest.c:57:12: error: 'struct sockaddr_in' has no member named 'sin_len'
   57 | if (ac_aggr.sin_len)
      |            ^
configure:22096: $? = 1
configure: failed program was:
| /* confdefs.h */
| #define PACKAGE_NAME ""
| #define PACKAGE_TARNAME ""
| #define PACKAGE_VERSION ""
| #define PACKAGE_STRING ""
| #define PACKAGE_BUGREPORT ""
| #define PACKAGE_URL ""
| #define MSVC_TARGET 64
| #define X_DISPLAY_MISSING 1
| #define SIZEOF_UNSIGNED_CHAR 1
| #define SIZEOF_UNSIGNED_SHORT 2
| #define SIZEOF_UNSIGNED_INT 4
| #define SIZEOF_UNSIGNED_LONG 8
| #define SIZEOF_UNSIGNED_LONG_LONG 8
| #define HAVE_GETENV 1
| #define BX_HAVE_GETENV 1
| #define HAVE_SETENV 1
| #define BX_HAVE_SETENV 1
| #define HAVE_SNPRINTF 1
| #define BX_HAVE_SNPRINTF 1
| #define HAVE_VSNPRINTF 1
| #define BX_HAVE_VSNPRINTF 1
| #define BX_HAVE_SELECT 1
| #define BX_HAVE_SOCKLEN_T 0
| #define BX_HAVE_STRTOULL 1
| #define BX_HAVE_STRTOUQ 0
| #define BX_HAVE_STRDUP 1
| #define BX_HAVE_STRREV 1
| #define BX_HAVE_STRICMP 1
| #define BX_HAVE_STRCASECMP 0
| #define BX_HAVE_MKSTEMP 0
| #define BX_HAVE_SYS_MMAN_H 0
| #define BX_HAVE_GETTIMEOFDAY 0
| #define BX_HAVE_USLEEP 0
| #define BX_HAVE___BUILTIN_BSWAP32 0
| #define BX_HAVE___BUILTIN_BSWAP64 0
| #define BX_HAVE_TMPFILE64 0
| #define BX_HAVE_FSEEK64 0
| #define BX_HAVE_FSEEKO64 0
| #define BX_HAVE_SSIZE_T 0
| #define BX_HAVE_SETENV 0
| #define SIZEOF_INT_P 8
| #define HAVE_SLEEP 1
| #define BX_HAVE_SLEEP 1
| #define HAVE_NANOSLEEP 1
| #define BX_HAVE_NANOSLEEP 1
| #define HAVE_ABORT 1
| #define BX_HAVE_ABORT 1
| /* end confdefs.h.  */
| #include <sys/socket.h>
| #include <netinet/in.h>
| 
| int
| main (void)
| {
| static struct sockaddr_in ac_aggr;
| if (ac_aggr.sin_len)
| return 0;
|   ;
|   return 0;
| }
configure:22096: gcc -c -g -O2  conftest.c >&5
conftest.c:41: warning: "BX_HAVE_SETENV" redefined
   41 | #define BX_HAVE_SETENV 0
      | 
conftest.c:18: note: this is the location of the previous definition
   18 | #define BX_HAVE_SETENV 1
      | 
conftest.c: In function 'main':
conftest.c:57:19: error: 'struct sockaddr_in' has no member named 'sin_len'
   57 | if (sizeof ac_aggr.sin_len)
      |                   ^
configure:22096: $? = 1
configure: failed program was:
| /* confdefs.h */
| #define PACKAGE_NAME ""
| #define PACKAGE_TARNAME ""
| #define PACKAGE_VERSION ""
| #define PACKAGE_STRING ""
| #define PACKAGE_BUGREPORT ""
| #define PACKAGE_URL ""
| #define MSVC_TARGET 64
| #define X_DISPLAY_MISSING 1
| #define SIZEOF_UNSIGNED_CHAR 1
| #define SIZEOF_UNSIGNED_SHORT 2
| #define SIZEOF_UNSIGNED_INT 4
| #define SIZEOF_UNSIGNED_LONG 8
| #define SIZEOF_UNSIGNED_LONG_LONG 8
| #define HAVE_GETENV 1
| #define BX_HAVE_GETENV 1
| #define HAVE_SETENV 1
| #define BX_HAVE_SETENV 1
| #define HAVE_SNPRINTF 1
| #define BX_HAVE_SNPRINTF 1
| #define HAVE_VSNPRINTF 1
| #define BX_HAVE_VSNPRINTF 1
| #define BX_HAVE_SELECT 1
| #define BX_HAVE_SOCKLEN_T 0
| #define BX_HAVE_STRTOULL 1
| #define BX_HAVE_STRTOUQ 0
| #define BX_HAVE_STRDUP 1
| #define BX_HAVE_STRREV 1
| #define BX_HAVE_STRICMP 1
| #define BX_HAVE_STRCASECMP 0
| #define BX_HAVE_MKSTEMP 0
| #define BX_HAVE_SYS_MMAN_H 0
| #define BX_HAVE_GETTIMEOFDAY 0
| #define BX_HAVE_USLEEP 0
| #define BX_HAVE___BUILTIN_BSWAP32 0
| #define BX_HAVE___BUILTIN_BSWAP64 0
| #define BX_HAVE_TMPFILE64 0
| #define BX_HAVE_FSEEK64 0
| #define BX_HAVE_FSEEKO64 0
| #define BX_HAVE_SSIZE_T 0
| #define BX_HAVE_SETENV 0
| #define SIZEOF_INT_P 8
| #define HAVE_SLEEP 1
| #define BX_HAVE_SLEEP 1
| #define HAVE_NANOSLEEP 1
| #define BX_HAVE_NANOSLEEP 1
| #define HAVE_ABORT 1
| #define BX_HAVE_ABORT 1
| /* end confdefs.h.  */
| #include <sys/socket.h>
| #include <netinet/in.h>
| 
| int
| main (void)
| {
| static struct sockaddr_in ac_aggr;
| if (sizeof ac_aggr.sin_len)
| return 0;
|   ;
|   return 0;
| }
configure:22096: result: no
configure:22108: checking for timelocal
configure:22108: gcc -o conftest.exe -g -O2   conftest.c  >&5
conftest.c:41: warning: "BX_HAVE_SETENV" redefined
   41 | #define BX_HAVE_SETENV 0
      | 
conftest.c:18: note: this is the location of the previous definition
   18 | #define BX_HAVE_SETENV 1
      | 
configure:22108: $? = 0
configure:22108: result: yes
configure:22120: checking for gmtime
configure:22120: gcc -o conftest.exe -g -O2   conftest.c  >&5
conftest.c:41: warning: "BX_HAVE_SETENV" redefined
   41 | #define BX_HAVE_SETENV 0
      | 
conftest.c:18: note: this is the location of the previous definition
   18 | #define BX_HAVE_SETENV 1
      | 
configure:22120: $? = 0
configure:22120: result: yes
configure:22132: checking for mktime
configure:22132: gcc -o conftest.exe -g -O2   conftest.c  >&5
conftest.c:41: warning: "BX_HAVE_SETENV" redefined
   41 | #define BX_HAVE_SETENV 0
      | 
conftest.c:18: note: this is the location of the previous definition
   18 | #define BX_HAVE_SETENV 1
      | 
configure:22132: $? = 0
configure:22132: result: yes
configure:22151: checking for _FILE_OFFSET_BITS value needed for large files
configure:22173: gcc -c -g -O2  conftest.c >&5
conftest.c:41: warning: "BX_HAVE_SETENV" redefined
   41 | #define BX_HAVE_SETENV 0
      | 
conftest.c:18: note: this is the location of the previous definition
   18 | #define BX_HAVE_SETENV 1
      | 
configure:22173: $? = 0
configure:22183: result: 64
configure:22237: checking if large file support is available
configure:22243: result: yes
configure:22262: checking if compiler allows __attribute__
configure:22275: gcc -c -g -O2 -D_FILE_OFFSET_BITS=64 -D_LARGE_FILES  -D_FILE_OFFSET_BITS=64 -D_LARGE_FILES conftest.c >&5
conftest.c:41: warning: "BX_HAVE_SETENV" redefined
   41 | #define BX_HAVE_SETENV 0
      | 
conftest.c:18: note: this is the location of the previous definition
   18 | #define BX_HAVE_SETENV 1
      | 
configure:22275: $? = 0
configure:22277: result: yes
configure:22296: checking for set
configure:22309: g++ -c -g -O2 -D_FILE_OFFSET_BITS=64 -D_LARGE_FILES  -D_FILE_OFFSET_BITS=64 -D_LARGE_FILES conftest.cpp >&5
conftest.cpp:41: warning: "BX_HAVE_SETENV" redefined
   41 | #define BX_HAVE_SETENV 0
      | 
conftest.cpp:18: note: this is the location of the previous definition
   18 | #define BX_HAVE_SETENV 1
      | 
configure:22309: $? = 0
configure:22312: result: yes
configure:22322: checking for set.h
configure:22335: g++ -c -g -O2 -D_FILE_OFFSET_BITS=64 -D_LARGE_FILES  -D_FILE_OFFSET_BITS=64 -D_LARGE_FILES conftest.cpp >&5
conftest.cpp:41: warning: "BX_HAVE_SETENV" redefined
   41 | #define BX_HAVE_SETENV 0
      | 
conftest.cpp:18: note: this is the location of the previous definition
   18 | #define BX_HAVE_SETENV 1
      | 
conftest.cpp:59:10: fatal error: set.h: No such file or directory
   59 | #include <set.h>
      |          ^~~~~~~
compilation terminated.
configure:22335: $? = 1
configure: failed program was:
| /* confdefs.h */
| #define PACKAGE_NAME ""
| #define PACKAGE_TARNAME ""
| #define PACKAGE_VERSION ""
| #define PACKAGE_STRING ""
| #define PACKAGE_BUGREPORT ""
| #define PACKAGE_URL ""
| #define MSVC_TARGET 64
| #define X_DISPLAY_MISSING 1
| #define SIZEOF_UNSIGNED_CHAR 1
| #define SIZEOF_UNSIGNED_SHORT 2
| #define SIZEOF_UNSIGNED_INT 4
| #define SIZEOF_UNSIGNED_LONG 8
| #define SIZEOF_UNSIGNED_LONG_LONG 8
| #define HAVE_GETENV 1
| #define BX_HAVE_GETENV 1
| #define HAVE_SETENV 1
| #define BX_HAVE_SETENV 1
| #define HAVE_SNPRINTF 1
| #define BX_HAVE_SNPRINTF 1
| #define HAVE_VSNPRINTF 1
| #define BX_HAVE_VSNPRINTF 1
| #define BX_HAVE_SELECT 1
| #define BX_HAVE_SOCKLEN_T 0
| #define BX_HAVE_STRTOULL 1
| #define BX_HAVE_STRTOUQ 0
| #define BX_HAVE_STRDUP 1
| #define BX_HAVE_STRREV 1
| #define BX_HAVE_STRICMP 1
| #define BX_HAVE_STRCASECMP 0
| #define BX_HAVE_MKSTEMP 0
| #define BX_HAVE_SYS_MMAN_H 0
| #define BX_HAVE_GETTIMEOFDAY 0
| #define BX_HAVE_USLEEP 0
| #define BX_HAVE___BUILTIN_BSWAP32 0
| #define BX_HAVE___BUILTIN_BSWAP64 0
| #define BX_HAVE_TMPFILE64 0
| #define BX_HAVE_FSEEK64 0
| #define BX_HAVE_FSEEKO64 0
| #define BX_HAVE_SSIZE_T 0
| #define BX_HAVE_SETENV 0
| #define SIZEOF_INT_P 8
| #define HAVE_SLEEP 1
| #define BX_HAVE_SLEEP 1
| #define HAVE_NANOSLEEP 1
| #define BX_HAVE_NANOSLEEP 1
| #define HAVE_ABORT 1
| #define BX_HAVE_ABORT 1
| #define HAVE_TIMELOCAL 1
| #define BX_HAVE_TIMELOCAL 1
| #define HAVE_GMTIME 1
| #define BX_HAVE_GMTIME 1
| #define HAVE_MKTIME 1
| #define BX_HAVE_MKTIME 1
| #define _FILE_OFFSET_BITS 64
| #define HAVE_LARGEFILE_SUPPORT 1
| #define BX_HAVE_SET 1
| /* end confdefs.h.  */
| #include <set.h>
| int
| main (void)
| {
| 
|   ;
|   return 0;
| }
configure:22344: result: no
configure:22348: checking for map
configure:22361: g++ -c -g -O2 -D_FILE_OFFSET_BITS=64 -D_LARGE_FILES  -D_FILE_OFFSET_BITS=64 -D_LARGE_FILES conftest.cpp >&5
conftest.cpp:41: warning: "BX_HAVE_SETENV" redefined
   41 | #define BX_HAVE_SETENV 0
      | 
conftest.cpp:18: note: this is the location of the previous definition
   18 | #define BX_HAVE_SETENV 1
      | 
configure:22361: $? = 0
configure:22364: result: yes
configure:22374: checking for map.h
configure:22387: g++ -c -g -O2 -D_FILE_OFFSET_BITS=64 -D_LARGE_FILES  -D_FILE_OFFSET_BITS=64 -D_LARGE_FILES conftest.cpp >&5
conftest.cpp:41: warning: "BX_HAVE_SETENV" redefined
   41 | #define BX_HAVE_SETENV 0
      | 
conftest.cpp:18: note: this is the location of the previous definition
   18 | #define BX_HAVE_SETENV 1
      | 
conftest.cpp:60:10: fatal error: map.h: No such file or directory
   60 | #include <map.h>
      |          ^~~~~~~
compilation terminated.
configure:22387: $? = 1
configure: failed program was:
| /* confdefs.h */
| #define PACKAGE_NAME ""
| #define PACKAGE_TARNAME ""
| #define PACKAGE_VERSION ""
| #define PACKAGE_STRING ""
| #define PACKAGE_BUGREPORT ""
| #define PACKAGE_URL ""
| #define MSVC_TARGET 64
| #define X_DISPLAY_MISSING 1
| #define SIZEOF_UNSIGNED_CHAR 1
| #define SIZEOF_UNSIGNED_SHORT 2
| #define SIZEOF_UNSIGNED_INT 4
| #define SIZEOF_UNSIGNED_LONG 8
| #define SIZEOF_UNSIGNED_LONG_LONG 8
| #define HAVE_GETENV 1
| #define BX_HAVE_GETENV 1
| #define HAVE_SETENV 1
| #define BX_HAVE_SETENV 1
| #define HAVE_SNPRINTF 1
| #define BX_HAVE_SNPRINTF 1
| #define HAVE_VSNPRINTF 1
| #define BX_HAVE_VSNPRINTF 1
| #define BX_HAVE_SELECT 1
| #define BX_HAVE_SOCKLEN_T 0
| #define BX_HAVE_STRTOULL 1
| #define BX_HAVE_STRTOUQ 0
| #define BX_HAVE_STRDUP 1
| #define BX_HAVE_STRREV 1
| #define BX_HAVE_STRICMP 1
| #define BX_HAVE_STRCASECMP 0
| #define BX_HAVE_MKSTEMP 0
| #define BX_HAVE_SYS_MMAN_H 0
| #define BX_HAVE_GETTIMEOFDAY 0
| #define BX_HAVE_USLEEP 0
| #define BX_HAVE___BUILTIN_BSWAP32 0
| #define BX_HAVE___BUILTIN_BSWAP64 0
| #define BX_HAVE_TMPFILE64 0
| #define BX_HAVE_FSEEK64 0
| #define BX_HAVE_FSEEKO64 0
| #define BX_HAVE_SSIZE_T 0
| #define BX_HAVE_SETENV 0
| #define SIZEOF_INT_P 8
| #define HAVE_SLEEP 1
| #define BX_HAVE_SLEEP 1
| #define HAVE_NANOSLEEP 1
| #define BX_HAVE_NANOSLEEP 1
| #define HAVE_ABORT 1
| #define BX_HAVE_ABORT 1
| #define HAVE_TIMELOCAL 1
| #define BX_HAVE_TIMELOCAL 1
| #define HAVE_GMTIME 1
| #define BX_HAVE_GMTIME 1
| #define HAVE_MKTIME 1
| #define BX_HAVE_MKTIME 1
| #define _FILE_OFFSET_BITS 64
| #define HAVE_LARGEFILE_SUPPORT 1
| #define BX_HAVE_SET 1
| #define BX_HAVE_MAP 1
| /* end confdefs.h.  */
| #include <map.h>
| int
| main (void)
| {
| 
|   ;
|   return 0;
| }
configure:22396: result: no
configure:22690: checking for idle hack
configure:22708: result: no
configure:22718: checking for dlfcn.h
configure:22718: gcc -c -g -O2 -D_FILE_OFFSET_BITS=64 -D_LARGE_FILES  -D_FILE_OFFSET_BITS=64 -D_LARGE_FILES conftest.c >&5
conftest.c:41: warning: "BX_HAVE_SETENV" redefined
   41 | #define BX_HAVE_SETENV 0
      | 
conftest.c:18: note: this is the location of the previous definition
   18 | #define BX_HAVE_SETENV 1
      | 
configure:22718: $? = 0
configure:22718: result: yes
configure:22725: checking for assert.h
configure:22725: gcc -c -g -O2 -D_FILE_OFFSET_BITS=64 -D_LARGE_FILES  -D_FILE_OFFSET_BITS=64 -D_LARGE_FILES conftest.c >&5
conftest.c:41: warning: "BX_HAVE_SETENV" redefined
   41 | #define BX_HAVE_SETENV 0
      | 
conftest.c:18: note: this is the location of the previous definition
   18 | #define BX_HAVE_SETENV 1
      | 
configure:22725: $? = 0
configure:22725: result: yes
configure:22733: checking for plugins support
configure:22827: result: no
configure:22901: checking if compiler allows LL for 64-bit constants
configure:22914: gcc -c -g -O2 -D_FILE_OFFSET_BITS=64 -D_LARGE_FILES  -D_FILE_OFFSET_BITS=64 -D_LARGE_FILES conftest.c >&5
conftest.c:41: warning: "BX_HAVE_SETENV" redefined
   41 | #define BX_HAVE_SETENV 0
      | 
conftest.c:18: note: this is the location of the previous definition
   18 | #define BX_HAVE_SETENV 1
      | 
configure:22914: $? = 0
configure:22916: result: yes
configure:22928: checking for A20 support
configure:22947: result: yes
configure:22957: checking for x86-64 support
configure:22963: result: yes
configure:22991: checking for SMP support
configure:22997: result: yes
configure:23022: checking for cpu level
configure:23047: result: 6
configure:23080: checking for larger than 32 bit physical address emulation
configure:23100: result: yes
configure:23115: checking for large ramfile support
configure:23133: result: yes
configure:23143: checking for repeated IO and mem copy speedups
configure:23159: result: no
configure:23167: checking for gcc / MSVC nmake fast function calls optimization
configure:23183: result: no
configure:23191: checking for handlers chaining speedups
configure:23207: result: no
configure:23215: checking for trace linking speedups support
configure:23231: result: no
configure:23239: checking support for configurable MSR registers
configure:23258: result: yes
configure:23273: checking show IPS
configure:23279: result: yes
configure:23300: checking for use of .cpp as suffix
configure:23318: result: no
configure:23346: checking for Bochs internal debugger support
configure:23352: result: yes
configure:23360: checking for flex
configure:23383: found /cygdrive/c/Program Files (x86)/GnuWin32/bin/flex
configure:23396: result: /cygdrive/c/Program Files (x86)/GnuWin32/bin/flex
configure:23406: checking for yacc
configure:23429: found /cygdrive/c/Program Files (x86)/GnuWin32/bin/yacc
configure:23442: result: /cygdrive/c/Program Files (x86)/GnuWin32/bin/yacc
configure:23450: checking whether to generate parser / lexer files
configure:23454: result: no
configure:23485: checking enable Bochs internal debugger GUI
configure:23491: result: yes
configure:23520: checking for gdb stub enable
configure:23546: result: no
configure:23558: checking for I/O Interface to the debugger
configure:23581: result: yes
configure:23597: checking for ALL optimizations enabled
configure:23603: result: yes
configure:23681: checking whether user wants readline
configure:23697: result: yes
configure:23706: checking whether to use readline
configure:23711: checking if readline works without -lcurses
configure:23730: gcc -o conftest.exe -g -O2 -D_FILE_OFFSET_BITS=64 -D_LARGE_FILES  -D_FILE_OFFSET_BITS=64 -D_LARGE_FILES  conftest.c  -lreadline >&5
conftest.c:41: warning: "BX_HAVE_SETENV" redefined
   41 | #define BX_HAVE_SETENV 0
      | 
conftest.c:18: note: this is the location of the previous definition
   18 | #define BX_HAVE_SETENV 1
      | 
conftest.c:82:16: fatal error: readline/readline.h: No such file or directory
   82 |       #include <readline/readline.h>
      |                ^~~~~~~~~~~~~~~~~~~~~
compilation terminated.
configure:23730: $? = 1
configure: program exited with status 1
configure: failed program was:
| /* confdefs.h */
| #define PACKAGE_NAME ""
| #define PACKAGE_TARNAME ""
| #define PACKAGE_VERSION ""
| #define PACKAGE_STRING ""
| #define PACKAGE_BUGREPORT ""
| #define PACKAGE_URL ""
| #define MSVC_TARGET 64
| #define X_DISPLAY_MISSING 1
| #define SIZEOF_UNSIGNED_CHAR 1
| #define SIZEOF_UNSIGNED_SHORT 2
| #define SIZEOF_UNSIGNED_INT 4
| #define SIZEOF_UNSIGNED_LONG 8
| #define SIZEOF_UNSIGNED_LONG_LONG 8
| #define HAVE_GETENV 1
| #define BX_HAVE_GETENV 1
| #define HAVE_SETENV 1
| #define BX_HAVE_SETENV 1
| #define HAVE_SNPRINTF 1
| #define BX_HAVE_SNPRINTF 1
| #define HAVE_VSNPRINTF 1
| #define BX_HAVE_VSNPRINTF 1
| #define BX_HAVE_SELECT 1
| #define BX_HAVE_SOCKLEN_T 0
| #define BX_HAVE_STRTOULL 1
| #define BX_HAVE_STRTOUQ 0
| #define BX_HAVE_STRDUP 1
| #define BX_HAVE_STRREV 1
| #define BX_HAVE_STRICMP 1
| #define BX_HAVE_STRCASECMP 0
| #define BX_HAVE_MKSTEMP 0
| #define BX_HAVE_SYS_MMAN_H 0
| #define BX_HAVE_GETTIMEOFDAY 0
| #define BX_HAVE_USLEEP 0
| #define BX_HAVE___BUILTIN_BSWAP32 0
| #define BX_HAVE___BUILTIN_BSWAP64 0
| #define BX_HAVE_TMPFILE64 0
| #define BX_HAVE_FSEEK64 0
| #define BX_HAVE_FSEEKO64 0
| #define BX_HAVE_SSIZE_T 0
| #define BX_HAVE_SETENV 0
| #define SIZEOF_INT_P 8
| #define HAVE_SLEEP 1
| #define BX_HAVE_SLEEP 1
| #define HAVE_NANOSLEEP 1
| #define BX_HAVE_NANOSLEEP 1
| #define HAVE_ABORT 1
| #define BX_HAVE_ABORT 1
| #define HAVE_TIMELOCAL 1
| #define BX_HAVE_TIMELOCAL 1
| #define HAVE_GMTIME 1
| #define BX_HAVE_GMTIME 1
| #define HAVE_MKTIME 1
| #define BX_HAVE_MKTIME 1
| #define _FILE_OFFSET_BITS 64
| #define HAVE_LARGEFILE_SUPPORT 1
| #define BX_HAVE_SET 1
| #define BX_HAVE_MAP 1
| #define BX_USE_IDLE_HACK 0
| #define BX_HAVE_DLFCN_H 1
| #define HAVE_ASSERT_H 1
| #define BX_PLUGINS 0
| #define BX_SUPPORT_A20 1
| #define BX_SUPPORT_X86_64 1
| #define BX_SUPPORT_SMP 1
| #define BX_USE_CPU_SMF 0
| #define BX_CPU_LEVEL 6
| #define BX_PHY_ADDRESS_LONG 1
| #define BX_LARGE_RAMFILE 1
| #define BX_CONFIGURE_MSRS 1
| #define BX_SHOW_IPS 1
| #define BX_DEBUGGER 1
| #define BX_GDBSTUB 0
| #define BX_SUPPORT_IODEBUG 1
| #define BX_SUPPORT_REPEAT_SPEEDUPS 1
| #define BX_FAST_FUNC_CALL 1
| #define BX_SUPPORT_HANDLERS_CHAINING_SPEEDUPS 0
| #define BX_ENABLE_TRACE_LINKING 1
| /* end confdefs.h.  */
| 
|       #include <stdio.h>
|       #include <readline/readline.h>
|       int main() { rl_initialize(); return 0; }
| 
configure:23736: result: no
configure:23744: checking if readline works with -lcurses
configure:23762: gcc -o conftest.exe -g -O2 -D_FILE_OFFSET_BITS=64 -D_LARGE_FILES  -D_FILE_OFFSET_BITS=64 -D_LARGE_FILES  conftest.c  -lreadline -lcurses >&5
conftest.c:41: warning: "BX_HAVE_SETENV" redefined
   41 | #define BX_HAVE_SETENV 0
      | 
conftest.c:18: note: this is the location of the previous definition
   18 | #define BX_HAVE_SETENV 1
      | 
conftest.c:82:16: fatal error: readline/readline.h: No such file or directory
   82 |       #include <readline/readline.h>
      |                ^~~~~~~~~~~~~~~~~~~~~
compilation terminated.
configure:23762: $? = 1
configure: program exited with status 1
configure: failed program was:
| /* confdefs.h */
| #define PACKAGE_NAME ""
| #define PACKAGE_TARNAME ""
| #define PACKAGE_VERSION ""
| #define PACKAGE_STRING ""
| #define PACKAGE_BUGREPORT ""
| #define PACKAGE_URL ""
| #define MSVC_TARGET 64
| #define X_DISPLAY_MISSING 1
| #define SIZEOF_UNSIGNED_CHAR 1
| #define SIZEOF_UNSIGNED_SHORT 2
| #define SIZEOF_UNSIGNED_INT 4
| #define SIZEOF_UNSIGNED_LONG 8
| #define SIZEOF_UNSIGNED_LONG_LONG 8
| #define HAVE_GETENV 1
| #define BX_HAVE_GETENV 1
| #define HAVE_SETENV 1
| #define BX_HAVE_SETENV 1
| #define HAVE_SNPRINTF 1
| #define BX_HAVE_SNPRINTF 1
| #define HAVE_VSNPRINTF 1
| #define BX_HAVE_VSNPRINTF 1
| #define BX_HAVE_SELECT 1
| #define BX_HAVE_SOCKLEN_T 0
| #define BX_HAVE_STRTOULL 1
| #define BX_HAVE_STRTOUQ 0
| #define BX_HAVE_STRDUP 1
| #define BX_HAVE_STRREV 1
| #define BX_HAVE_STRICMP 1
| #define BX_HAVE_STRCASECMP 0
| #define BX_HAVE_MKSTEMP 0
| #define BX_HAVE_SYS_MMAN_H 0
| #define BX_HAVE_GETTIMEOFDAY 0
| #define BX_HAVE_USLEEP 0
| #define BX_HAVE___BUILTIN_BSWAP32 0
| #define BX_HAVE___BUILTIN_BSWAP64 0
| #define BX_HAVE_TMPFILE64 0
| #define BX_HAVE_FSEEK64 0
| #define BX_HAVE_FSEEKO64 0
| #define BX_HAVE_SSIZE_T 0
| #define BX_HAVE_SETENV 0
| #define SIZEOF_INT_P 8
| #define HAVE_SLEEP 1
| #define BX_HAVE_SLEEP 1
| #define HAVE_NANOSLEEP 1
| #define BX_HAVE_NANOSLEEP 1
| #define HAVE_ABORT 1
| #define BX_HAVE_ABORT 1
| #define HAVE_TIMELOCAL 1
| #define BX_HAVE_TIMELOCAL 1
| #define HAVE_GMTIME 1
| #define BX_HAVE_GMTIME 1
| #define HAVE_MKTIME 1
| #define BX_HAVE_MKTIME 1
| #define _FILE_OFFSET_BITS 64
| #define HAVE_LARGEFILE_SUPPORT 1
| #define BX_HAVE_SET 1
| #define BX_HAVE_MAP 1
| #define BX_USE_IDLE_HACK 0
| #define BX_HAVE_DLFCN_H 1
| #define HAVE_ASSERT_H 1
| #define BX_PLUGINS 0
| #define BX_SUPPORT_A20 1
| #define BX_SUPPORT_X86_64 1
| #define BX_SUPPORT_SMP 1
| #define BX_USE_CPU_SMF 0
| #define BX_CPU_LEVEL 6
| #define BX_PHY_ADDRESS_LONG 1
| #define BX_LARGE_RAMFILE 1
| #define BX_CONFIGURE_MSRS 1
| #define BX_SHOW_IPS 1
| #define BX_DEBUGGER 1
| #define BX_GDBSTUB 0
| #define BX_SUPPORT_IODEBUG 1
| #define BX_SUPPORT_REPEAT_SPEEDUPS 1
| #define BX_FAST_FUNC_CALL 1
| #define BX_SUPPORT_HANDLERS_CHAINING_SPEEDUPS 0
| #define BX_ENABLE_TRACE_LINKING 1
| /* end confdefs.h.  */
| 
|       #include <stdio.h>
|       #include <readline/readline.h>
|       int main() { rl_initialize(); return 0; }
| 
configure:23768: result: no
configure:23793: result: no
configure:23807: checking for readline/history.h
configure:23807: gcc -c -g -O2 -D_FILE_OFFSET_BITS=64 -D_LARGE_FILES  -D_FILE_OFFSET_BITS=64 -D_LARGE_FILES conftest.c >&5
conftest.c:41: warning: "BX_HAVE_SETENV" redefined
   41 | #define BX_HAVE_SETENV 0
      | 
conftest.c:18: note: this is the location of the previous definition
   18 | #define BX_HAVE_SETENV 1
      | 
conftest.c:108:10: fatal error: readline/history.h: No such file or directory
  108 | #include <readline/history.h>
      |          ^~~~~~~~~~~~~~~~~~~~
compilation terminated.
configure:23807: $? = 1
configure: failed program was:
| /* confdefs.h */
| #define PACKAGE_NAME ""
| #define PACKAGE_TARNAME ""
| #define PACKAGE_VERSION ""
| #define PACKAGE_STRING ""
| #define PACKAGE_BUGREPORT ""
| #define PACKAGE_URL ""
| #define MSVC_TARGET 64
| #define X_DISPLAY_MISSING 1
| #define SIZEOF_UNSIGNED_CHAR 1
| #define SIZEOF_UNSIGNED_SHORT 2
| #define SIZEOF_UNSIGNED_INT 4
| #define SIZEOF_UNSIGNED_LONG 8
| #define SIZEOF_UNSIGNED_LONG_LONG 8
| #define HAVE_GETENV 1
| #define BX_HAVE_GETENV 1
| #define HAVE_SETENV 1
| #define BX_HAVE_SETENV 1
| #define HAVE_SNPRINTF 1
| #define BX_HAVE_SNPRINTF 1
| #define HAVE_VSNPRINTF 1
| #define BX_HAVE_VSNPRINTF 1
| #define BX_HAVE_SELECT 1
| #define BX_HAVE_SOCKLEN_T 0
| #define BX_HAVE_STRTOULL 1
| #define BX_HAVE_STRTOUQ 0
| #define BX_HAVE_STRDUP 1
| #define BX_HAVE_STRREV 1
| #define BX_HAVE_STRICMP 1
| #define BX_HAVE_STRCASECMP 0
| #define BX_HAVE_MKSTEMP 0
| #define BX_HAVE_SYS_MMAN_H 0
| #define BX_HAVE_GETTIMEOFDAY 0
| #define BX_HAVE_USLEEP 0
| #define BX_HAVE___BUILTIN_BSWAP32 0
| #define BX_HAVE___BUILTIN_BSWAP64 0
| #define BX_HAVE_TMPFILE64 0
| #define BX_HAVE_FSEEK64 0
| #define BX_HAVE_FSEEKO64 0
| #define BX_HAVE_SSIZE_T 0
| #define BX_HAVE_SETENV 0
| #define SIZEOF_INT_P 8
| #define HAVE_SLEEP 1
| #define BX_HAVE_SLEEP 1
| #define HAVE_NANOSLEEP 1
| #define BX_HAVE_NANOSLEEP 1
| #define HAVE_ABORT 1
| #define BX_HAVE_ABORT 1
| #define HAVE_TIMELOCAL 1
| #define BX_HAVE_TIMELOCAL 1
| #define HAVE_GMTIME 1
| #define BX_HAVE_GMTIME 1
| #define HAVE_MKTIME 1
| #define BX_HAVE_MKTIME 1
| #define _FILE_OFFSET_BITS 64
| #define HAVE_LARGEFILE_SUPPORT 1
| #define BX_HAVE_SET 1
| #define BX_HAVE_MAP 1
| #define BX_USE_IDLE_HACK 0
| #define BX_HAVE_DLFCN_H 1
| #define HAVE_ASSERT_H 1
| #define BX_PLUGINS 0
| #define BX_SUPPORT_A20 1
| #define BX_SUPPORT_X86_64 1
| #define BX_SUPPORT_SMP 1
| #define BX_USE_CPU_SMF 0
| #define BX_CPU_LEVEL 6
| #define BX_PHY_ADDRESS_LONG 1
| #define BX_LARGE_RAMFILE 1
| #define BX_CONFIGURE_MSRS 1
| #define BX_SHOW_IPS 1
| #define BX_DEBUGGER 1
| #define BX_GDBSTUB 0
| #define BX_SUPPORT_IODEBUG 1
| #define BX_SUPPORT_REPEAT_SPEEDUPS 1
| #define BX_FAST_FUNC_CALL 1
| #define BX_SUPPORT_HANDLERS_CHAINING_SPEEDUPS 0
| #define BX_ENABLE_TRACE_LINKING 1
| /* end confdefs.h.  */
| #include <stddef.h>
| #ifdef HAVE_STDIO_H
| # include <stdio.h>
| #endif
| #ifdef HAVE_STDLIB_H
| # include <stdlib.h>
| #endif
| #ifdef HAVE_STRING_H
| # include <string.h>
| #endif
| #ifdef HAVE_INTTYPES_H
| # include <inttypes.h>
| #endif
| #ifdef HAVE_STDINT_H
| # include <stdint.h>
| #endif
| #ifdef HAVE_STRINGS_H
| # include <strings.h>
| #endif
| #ifdef HAVE_SYS_TYPES_H
| # include <sys/types.h>
| #endif
| #ifdef HAVE_SYS_STAT_H
| # include <sys/stat.h>
| #endif
| #ifdef HAVE_UNISTD_H
| # include <unistd.h>
| #endif
| #include <readline/history.h>
configure:23807: result: no
configure:23818: checking for instrumentation support
configure:23845: result: no
configure:23857: checking enable logging
configure:23875: result: yes
configure:23884: checking enable statistics collection
configure:23902: result: yes
configure:23911: checking enable assert checks
configure:23930: result: yes
configure:23946: checking for FPU emulation
configure:23972: result: yes
configure:23984: checking for VMX support
configure:24006: result: 2
configure:24037: checking for SVM support
configure:24057: result: no
configure:24071: checking for User-Mode Protection Keys support
configure:24091: result: no
configure:24105: checking for Control Flow Enforcement Technology support
configure:24125: result: no
configure:24138: checking for 3DNow! support
configure:24157: result: no
configure:24166: checking for alignment check support
configure:24186: result: yes
configure:24201: checking for MONITOR/MWAIT instructions support (experimental)
configure:24221: result: yes
configure:24236: checking for limited hardware performance monitoring emulation support (experimental)
configure:24256: result: yes
configure:24271: checking for memory type support
configure:24290: result: no
configure:24301: checking for AVX instructions support
configure:24322: result: no
configure:24337: checking for EVEX prefix and AVX-512 extensions support
configure:24357: result: no
configure:24370: checking for x86 debugger support
configure:24389: result: no
configure:24400: checking for i440FX PCI support
configure:24406: result: yes
configure:24435: checking for PCI host device mapping support
configure:24498: result: no
configure:24511: checking for USB UHCI support
configure:24517: result: yes
configure:24542: checking for USB OHCI support
configure:24548: result: yes
configure:24572: checking for USB EHCI support
configure:24578: result: yes
configure:24602: checking for USB xHCI support
configure:24608: result: yes
configure:24646: checking for NE2000 support
configure:24652: result: yes
configure:24676: checking for PCI pseudo NIC support
configure:24697: result: no
configure:24706: checking for Intel(R) Gigabit Ethernet support
configure:24712: result: yes
configure:24882: checking for ethernet modules
configure:24884: result: null vnet slirp socket win32
configure:24906: checking for raw serial support
configure:24924: result: no
configure:24936: checking for CLGD54XX emulation
configure:24942: result: yes
configure:24965: checking for 3dfx Voodoo Graphics emulation
configure:24971: result: yes
configure:25002: checking for lowlevel CDROM support
configure:25020: result: yes
configure:25078: checking for Sound Blaster 16 support
configure:25084: result: yes
configure:25110: checking for ES1370 soundcard support
configure:25116: result: yes
configure:25275: checking for sound lowlevel modules
configure:25277: result: win
configure:25279: checking for default sound lowlevel module
configure:25281: result: win
configure:25296: checking for standard PC gameport support
configure:25326: result: yes
configure:25342: checking for Busmouse support
configure:25348: result: yes
configure:25374: checking for docbook2html
configure:25410: result: not_found
configure:25422: checking for jade
configure:25457: result: no
configure:25422: checking for openjade
configure:25457: result: no
configure:25466: checking whether to build docbook documentation
configure:25498: result: no
configure:25661: checking for wx-config
configure:25694: result: not_found
configure:25703: checking for wxWidgets configuration script
configure:25705: result: not_found
configure:25713: checking for wxWidgets library version
configure:25749: result: 
configure:25770: checking for default gui on this platform
configure:25772: result: win32
configure:26162: checking for display libraries
configure:26164: result:  rfb win32 nogui
configure:26256: checking for wget
configure:26277: found /usr/bin/wget
configure:26288: result: wget
configure:26991: checking for pthread.h
configure:26991: cl -c /nologo /MT /W3 /DNDEBUG /DWIN32 /D_WINDOWS /D_CRT_SECURE_NO_WARNINGS /O2 /Gr /EHsc  -D_FILE_OFFSET_BITS=64 -D_LARGE_FILES conftest.c >&5
./configure: line 1971: cl: command not found
configure:26991: $? = 127
configure: failed program was:
| /* confdefs.h */
| #define PACKAGE_NAME ""
| #define PACKAGE_TARNAME ""
| #define PACKAGE_VERSION ""
| #define PACKAGE_STRING ""
| #define PACKAGE_BUGREPORT ""
| #define PACKAGE_URL ""
| #define MSVC_TARGET 64
| #define X_DISPLAY_MISSING 1
| #define SIZEOF_UNSIGNED_CHAR 1
| #define SIZEOF_UNSIGNED_SHORT 2
| #define SIZEOF_UNSIGNED_INT 4
| #define SIZEOF_UNSIGNED_LONG 8
| #define SIZEOF_UNSIGNED_LONG_LONG 8
| #define HAVE_GETENV 1
| #define BX_HAVE_GETENV 1
| #define HAVE_SETENV 1
| #define BX_HAVE_SETENV 1
| #define HAVE_SNPRINTF 1
| #define BX_HAVE_SNPRINTF 1
| #define HAVE_VSNPRINTF 1
| #define BX_HAVE_VSNPRINTF 1
| #define BX_HAVE_SELECT 1
| #define BX_HAVE_SOCKLEN_T 0
| #define BX_HAVE_STRTOULL 1
| #define BX_HAVE_STRTOUQ 0
| #define BX_HAVE_STRDUP 1
| #define BX_HAVE_STRREV 1
| #define BX_HAVE_STRICMP 1
| #define BX_HAVE_STRCASECMP 0
| #define BX_HAVE_MKSTEMP 0
| #define BX_HAVE_SYS_MMAN_H 0
| #define BX_HAVE_GETTIMEOFDAY 0
| #define BX_HAVE_USLEEP 0
| #define BX_HAVE___BUILTIN_BSWAP32 0
| #define BX_HAVE___BUILTIN_BSWAP64 0
| #define BX_HAVE_TMPFILE64 0
| #define BX_HAVE_FSEEK64 0
| #define BX_HAVE_FSEEKO64 0
| #define BX_HAVE_SSIZE_T 0
| #define BX_HAVE_SETENV 0
| #define SIZEOF_INT_P 8
| #define HAVE_SLEEP 1
| #define BX_HAVE_SLEEP 1
| #define HAVE_NANOSLEEP 1
| #define BX_HAVE_NANOSLEEP 1
| #define HAVE_ABORT 1
| #define BX_HAVE_ABORT 1
| #define HAVE_TIMELOCAL 1
| #define BX_HAVE_TIMELOCAL 1
| #define HAVE_GMTIME 1
| #define BX_HAVE_GMTIME 1
| #define HAVE_MKTIME 1
| #define BX_HAVE_MKTIME 1
| #define _FILE_OFFSET_BITS 64
| #define HAVE_LARGEFILE_SUPPORT 1
| #define BX_HAVE_SET 1
| #define BX_HAVE_MAP 1
| #define BX_USE_IDLE_HACK 0
| #define BX_HAVE_DLFCN_H 1
| #define HAVE_ASSERT_H 1
| #define BX_PLUGINS 0
| #define BX_SUPPORT_A20 1
| #define BX_SUPPORT_X86_64 1
| #define BX_SUPPORT_SMP 1
| #define BX_USE_CPU_SMF 0
| #define BX_CPU_LEVEL 6
| #define BX_PHY_ADDRESS_LONG 1
| #define BX_LARGE_RAMFILE 1
| #define BX_CONFIGURE_MSRS 1
| #define BX_SHOW_IPS 1
| #define BX_DEBUGGER 1
| #define BX_GDBSTUB 0
| #define BX_SUPPORT_IODEBUG 1
| #define BX_SUPPORT_REPEAT_SPEEDUPS 1
| #define BX_FAST_FUNC_CALL 1
| #define BX_SUPPORT_HANDLERS_CHAINING_SPEEDUPS 0
| #define BX_ENABLE_TRACE_LINKING 1
| #define BX_INSTRUMENTATION 0
| #define BX_NO_LOGGING 0
| #define BX_ENABLE_STATISTICS 1
| #define BX_ASSERT_ENABLE 1
| #define BX_SUPPORT_FPU 1
| #define BX_SUPPORT_VMX 2
| #define BX_SUPPORT_SVM 0
| #define BX_SUPPORT_PKEYS 0
| #define BX_SUPPORT_CET 0
| #define BX_SUPPORT_3DNOW 0
| #define BX_SUPPORT_ALIGNMENT_CHECK 1
| #define BX_SUPPORT_MONITOR_MWAIT 1
| #define BX_SUPPORT_PERFMON 1
| #define BX_SUPPORT_MEMTYPE 0
| #define BX_SUPPORT_AVX 0
| #define BX_SUPPORT_EVEX 0
| #define BX_X86_DEBUGGER 0
| #define BX_SUPPORT_PCI 1
| #define BX_SUPPORT_PCIDEV 0
| #define BX_SUPPORT_USB_UHCI 1
| #define BX_SUPPORT_USB_OHCI 1
| #define BX_SUPPORT_USB_EHCI 1
| #define BX_SUPPORT_USB_XHCI 1
| #define BX_SUPPORT_NE2K 1
| #define BX_SUPPORT_PCIPNIC 0
| #define BX_SUPPORT_E1000 1
| #define BX_NETMOD_SLIRP 1
| #define BX_NETMOD_SOCKET 1
| #define BX_NETMOD_WIN32 1
| #define BX_NETWORKING 1
| #define USE_RAW_SERIAL 0
| #define BX_SUPPORT_CLGD54XX 1
| #define BX_SUPPORT_VOODOO 1
| #define LOWLEVEL_CDROM cdrom_win32_c
| #define BX_SUPPORT_CDROM 1
| #define BX_SUPPORT_SB16 1
| #define BX_SUPPORT_ES1370 1
| #define BX_SUPPORT_SOUNDLOW 1
| #define BX_HAVE_SOUND_WIN 1
| #define BX_SOUND_LOWLEVEL_NAME "win"
| #define BX_SUPPORT_GAMEPORT 1
| #define BX_SUPPORT_BUSMOUSE 1
| #define BX_WITH_RFB 1
| #define BX_WITH_WIN32 1
| #define BX_WITH_NOGUI 1
| #define BX_DEFAULT_CONFIG_INTERFACE "win32config"
| #define BX_DEFAULT_DISPLAY_LIBRARY "win32"
| #define BX_USE_TEXTCONFIG 1
| #define BX_USE_GUI_CONSOLE 1
| #define BX_64BIT_CONSTANTS_USE_LL 0
| #define BX_CPP_INLINE __forceinline
| #define BX_NO_ATTRIBUTES 1
| #define HAVE_LIBREADLINE 0
| #define HAVE_READLINE_HISTORY_H 0
| #define BX_HAVE_DLFCN_H 0
| #define BX_DEBUGGER_GUI 1
| /* end confdefs.h.  */
| #include <stddef.h>
| #ifdef HAVE_STDIO_H
| # include <stdio.h>
| #endif
| #ifdef HAVE_STDLIB_H
| # include <stdlib.h>
| #endif
| #ifdef HAVE_STRING_H
| # include <string.h>
| #endif
| #ifdef HAVE_INTTYPES_H
| # include <inttypes.h>
| #endif
| #ifdef HAVE_STDINT_H
| # include <stdint.h>
| #endif
| #ifdef HAVE_STRINGS_H
| # include <strings.h>
| #endif
| #ifdef HAVE_SYS_TYPES_H
| # include <sys/types.h>
| #endif
| #ifdef HAVE_SYS_STAT_H
| # include <sys/stat.h>
| #endif
| #ifdef HAVE_UNISTD_H
| # include <unistd.h>
| #endif
| #include <pthread.h>
configure:26991: result: no
configure:27405: checking for gzip
configure:27428: found /usr/bin/gzip
configure:27440: result: /usr/bin/gzip
configure:27450: checking for tar
configure:27473: found /usr/bin/tar
configure:27485: result: /usr/bin/tar
configure:27495: checking for iasl
configure:27531: result: not_found
configure:27649: creating ./config.status

## ---------------------- ##
## Running config.status. ##
## ---------------------- ##

This file was extended by config.status, which was
generated by GNU Autoconf 2.71.  Invocation command line was

  CONFIG_FILES    = 
  CONFIG_HEADERS  = 
  CONFIG_LINKS    = 
  CONFIG_COMMANDS = 
  $ ./config.status 

on dreglap

config.status:1106: creating Makefile
config.status:1106: creating iodev/Makefile
config.status:1106: creating iodev/display/Makefile
config.status:1106: creating iodev/hdimage/Makefile
config.status:1106: creating iodev/usb/Makefile
config.status:1106: creating iodev/network/Makefile
config.status:1106: creating iodev/sound/Makefile
config.status:1106: creating bx_debug/Makefile
config.status:1106: creating bios/Makefile
config.status:1106: creating cpu/Makefile
config.status:1106: creating cpu/avx/Makefile
config.status:1106: creating cpu/cpudb/Makefile
config.status:1106: creating cpu/fpu/Makefile
config.status:1106: creating memory/Makefile
config.status:1106: creating gui/Makefile
config.status:1106: creating instrument/stubs/Makefile
config.status:1106: creating misc/Makefile
config.status:1106: creating doc/docbook/Makefile
config.status:1106: creating build/linux/bochs-dlx
config.status:1106: creating bxversion.h
config.status:1106: creating bxversion.rc
config.status:1106: creating build/macosx/Info.plist
config.status:1106: creating build/win32/nsis/Makefile
config.status:1106: creating build/win32/nsis/bochs.nsi
config.status:1106: creating host/linux/pcidev/Makefile
config.status:1106: creating config.h
config.status:1276: config.h is unchanged
config.status:1106: creating ltdlconf.h
config.status:1276: ltdlconf.h is unchanged

## ---------------- ##
## Cache variables. ##
## ---------------- ##

ac_cv_build=x86_64-pc-cygwin
ac_cv_c_bigendian=no
ac_cv_c_compiler_gnu=yes
ac_cv_cxx_compiler_gnu=yes
ac_cv_env_CCC_set=
ac_cv_env_CCC_value=
ac_cv_env_CC_set=
ac_cv_env_CC_value=
ac_cv_env_CFLAGS_set=
ac_cv_env_CFLAGS_value=
ac_cv_env_CPPFLAGS_set=
ac_cv_env_CPPFLAGS_value=
ac_cv_env_CPP_set=
ac_cv_env_CPP_value=
ac_cv_env_CXXCPP_set=
ac_cv_env_CXXCPP_value=
ac_cv_env_CXXFLAGS_set=
ac_cv_env_CXXFLAGS_value=
ac_cv_env_CXX_set=
ac_cv_env_CXX_value=
ac_cv_env_F77_set=
ac_cv_env_F77_value=
ac_cv_env_FFLAGS_set=
ac_cv_env_FFLAGS_value=
ac_cv_env_LDFLAGS_set=
ac_cv_env_LDFLAGS_value=
ac_cv_env_LIBS_set=
ac_cv_env_LIBS_value=
ac_cv_env_XMKMF_set=
ac_cv_env_XMKMF_value=
ac_cv_env_build_alias_set=
ac_cv_env_build_alias_value=
ac_cv_env_host_alias_set=
ac_cv_env_host_alias_value=
ac_cv_env_target_alias_set=set
ac_cv_env_target_alias_value=x86_64-windows
ac_cv_exeext=.exe
ac_cv_func_abort=yes
ac_cv_func_getenv=yes
ac_cv_func_gmtime=yes
ac_cv_func_mktime=yes
ac_cv_func_nanosleep=yes
ac_cv_func_setenv=yes
ac_cv_func_sleep=yes
ac_cv_func_snprintf=yes
ac_cv_func_timelocal=yes
ac_cv_func_vsnprintf=yes
ac_cv_have_x=have_x=no
ac_cv_header_assert_h=yes
ac_cv_header_dlfcn_h=yes
ac_cv_header_pthread_h=no
ac_cv_header_readline_history_h=no
ac_cv_host=x86_64-pc-cygwin
ac_cv_member_struct_sockaddr_in_sin_len=no
ac_cv_objext=o
ac_cv_path_DOCBOOK2HTML=not_found
ac_cv_path_FLEX='/cygdrive/c/Program Files (x86)/GnuWin32/bin/flex'
ac_cv_path_GZIP=/usr/bin/gzip
ac_cv_path_IASL=not_found
ac_cv_path_PKGCONFIG=not_found
ac_cv_path_TAR=/usr/bin/tar
ac_cv_path_YACC='/cygdrive/c/Program Files (x86)/GnuWin32/bin/yacc'
ac_cv_prog_CPP='gcc -E'
ac_cv_prog_WGET=wget
ac_cv_prog_WX_CONFIG=not_found
ac_cv_prog_ac_ct_CC=gcc
ac_cv_prog_ac_ct_CXX=g++
ac_cv_prog_cc_c11=
ac_cv_prog_cc_g=yes
ac_cv_prog_cc_stdc=
ac_cv_prog_cxx_11=no
ac_cv_prog_cxx_cxx11=
ac_cv_prog_cxx_g=yes
ac_cv_prog_cxx_stdcxx=
ac_cv_prog_make_make_set=yes
ac_cv_sizeof_unsigned_char=1
ac_cv_sizeof_unsigned_int=4
ac_cv_sizeof_unsigned_long=8
ac_cv_sizeof_unsigned_long_long=8
ac_cv_sizeof_unsigned_short=2
ac_cv_sys_file_offset_bits=64
ac_cv_target=x86_64-pc-windows

## ----------------- ##
## Output variables. ##
## ----------------- ##

ALSA_SOUND_LINK_OPTS=''
AR=''
AVX_LIB_VAR=''
BOCHS_BITS='64'
BUILD_DOCBOOK_VAR=''
BUSM_OBJS='busmouse.o'
BXHUB_FLAG='/DBXHUB'
BXHUB_LINK_OPTS='ws2_32.lib'
BXIMAGE_FLAG='/DBXIMAGE'
BXIMAGE_LINK_OPTS='user32.lib'
BX_LARGE_RAMFILE=''
BX_USE_IDLE_HACK=''
CC='cl'
CDROM_OBJS='cdrom.o cdrom_win32.o'
CD_UP_ONE='cd ..'
CD_UP_THREE='cd ..\..\..'
CD_UP_TWO='cd ..\..'
CFLAGS='/nologo /MT /W3 /DNDEBUG /DWIN32 /D_WINDOWS /D_CRT_SECURE_NO_WARNINGS /O2 /Gr /EHsc'
CFP='/Tc'
CI_PLUGIN_OBJS='textconfig.o $(CI_OBJS_WIN32)'
CI_SUPPORT_OBJS='$(CI_OBJS_WIN32_SUPPORT)'
CLEAN_DOCBOOK_VAR=''
CLEAN_PCIDEV_VAR=''
COMMAND_SEPARATOR=''
CPP='gcc -E'
CPPFLAGS=' -D_FILE_OFFSET_BITS=64 -D_LARGE_FILES'
CPP_SUFFIX='cc'
CXX='cl'
CXXCPP=''
CXXFLAGS='/nologo /MT /W3 /DNDEBUG /DWIN32 /D_WINDOWS /D_CRT_SECURE_NO_WARNINGS /O2 /Gr /EHsc'
CXXFLAGS_CONSOLE='/nologo /MT /W3 /EHs-c- /DNDEBUG /DWIN32 /D_WINDOWS /D_CRT_SECURE_NO_WARNINGS /O2 /Gr /EHsc'
CXXFP='/Tp'
DASH='/'
DEBUGGER_VAR='$(DEBUGGER_LIB)'
DEFINE_PLUGIN_PATH=''
DEFS='-DHAVE_CONFIG_H'
DEPMOD=''
DEVICE_LINK_OPTS=' iphlpapi.lib ws2_32.lib winmm.lib'
DISPLAY_DLL_TARGETS='bx_svga_cirrus.dll bx_voodoo.dll'
DISPLAY_EXTRA_OBJS=' banshee.o'
DISPLAY_LIB_VAR='iodev/display/libdisplay.a'
DISPLAY_OBJS='svga_cirrus.o voodoo.o'
DOCBOOK2HTML='not_found'
ECHO='echo'
ECHO_C=''
ECHO_N='-n'
ECHO_T=''
EGREP=''
ENH_DBG_OBJS='enh_dbg.o win32_enh_dbg_osdep.o'
EXE='.exe'
EXEEXT='.exe'
EXPORT_DYNAMIC=''
EXTERNAL_DEPENDENCY=''
EXTRA_BX_OBJS=' win32res.o'
EXTRA_LINK_OPTS=''
EXT_MSVC_DLL_RULES=''
F77=''
FFLAGS=''
FLEX='/cygdrive/c/Program Files (x86)/GnuWin32/bin/flex'
FPU_VAR='$(FPU_LIB)'
GAME_OBJS='gameport.o'
GDBSTUB_VAR=''
GREP=''
GUI_CFLAGS=''
GUI_CXXFLAGS=''
GUI_DLL_TARGETS=' bx_rfb_gui.dll bx_win32_gui.dll bx_nogui_gui.dll'
GUI_LINK_OPTS=' $(GUI_LINK_OPTS_RFB) $(GUI_LINK_OPTS_WIN32_VCPP)'
GUI_LINK_OPTS_SDL2=''
GUI_LINK_OPTS_SDL=''
GUI_LINK_OPTS_TERM=''
GUI_LINK_OPTS_VNCSRV=''
GUI_LINK_OPTS_WX=''
GUI_NON_PLUGIN_OBJS='$(OBJS_THAT_CANNOT_BE_PLUGINS) $(OBJS_THAT_CAN_BE_PLUGINS) $(OBJS_THAT_SUPPORT_OTHER_PLUGINS)'
GUI_PLUGIN_NAME_TRANSFORMATION='%.o=libbx_%_gui.la'
GUI_PLUGIN_OBJS=''
GZIP='/usr/bin/gzip'
HDIMAGE_LIB_VAR='iodev/hdimage/libhdimage.a'
IASL='not_found'
IMG_PLUGIN_NAME_TRANSFORMATION='%.o=libbx_%_img.la'
INLINE_VAR=''
INSMOD=''
INSTALL_DOCBOOK_VAR=''
INSTALL_LIST_FOR_PLATFORM=''
INSTALL_PLUGINS_VAR=''
INSTALL_TARGET='install_win32'
INSTRUMENT_DIR='instrument/stubs'
INSTRUMENT_VAR=''
IODEBUG_OBJS='iodebug.o'
IODEV_DLL_TARGETS=''
IODEV_EXT_NON_PLUGIN_OBJS='$(OBJS_THAT_CANNOT_BE_PLUGINS) $(OBJS_THAT_CAN_BE_PLUGINS) $(OBJS_THAT_SUPPORT_OTHER_PLUGINS)'
IODEV_EXT_PLUGIN_OBJS=''
IODEV_LIB_VAR='iodev/libiodev.a'
IODEV_NON_PLUGIN_OBJS='$(OBJS_THAT_CANNOT_BE_PLUGINS) $(OBJS_THAT_CAN_BE_PLUGINS) $(OBJS_THAT_SUPPORT_OTHER_PLUGINS)'
IODEV_PLUGIN_OBJS=''
JADE='not_found'
KERNELDIR=''
KERNEL_MODULE_SUFFIX=''
LDFLAGS=''
LIBADD_DL=''
LIBOBJS=''
LIBS=''
LIBTOOL=''
LIBVNCSERVER_CONFIG=''
LINK='link  /nologo /subsystem:console /incremental:no /out:$@ '
LINK_CONSOLE='link  /nologo /subsystem:console /incremental:no /out:$@ '
LINK_DLL=''
LINK_VAR=''
LN_S=''
LSMOD=''
LTLIBOBJS=''
MAKELIB='lib /nologo /subsystem:console /verbose /out:$@'
NETDEV_DLL_TARGETS='bx_ne2k.dll bx_e1000.dll'
NETDEV_OBJS='ne2k.o e1000.o'
NETLOW_OBJS='eth_null.o eth_vnet.o eth_slirp.o eth_socket.o eth_win32.o'
NETWORK_LIB_VAR='iodev/network/libnetwork.a'
NONINLINE_VAR='$(NONINLINE_OBJS)'
NONPLUGIN_GUI_LINK_OPTS='$(GUI_LINK_OPTS)'
NO_FLEX_YACC='#'
OBJEXT='o'
OBJS64='$(OBJS64)'
OFP='/Fo'
OPTIONAL_TARGET=' bxhub.exe niclist.exe'
PACKAGE_BUGREPORT=''
PACKAGE_NAME=''
PACKAGE_STRING=''
PACKAGE_TARNAME=''
PACKAGE_URL=''
PACKAGE_VERSION=''
PATH_SEPARATOR=':'
PCIDEV_MODULE_MAKE_ALL=''
PCI_OBJS='pci.o pci2isa.o pci_ide.o acpi.o hpet.o'
PKGCONFIG='not_found'
PLUGIN_LIB=''
PLUGIN_LIBNAME_TRANSFORMATION='%.o=libbx_%.la'
PLUGIN_TARGET=''
PLUGIN_TARGET_2=''
PLUGIN_VAR=''
PRIMARY_TARGET='bochs.exe'
PTHREAD_CC='cl'
PTHREAD_CFLAGS=''
PTHREAD_LIBS=''
RANLIB='echo'
RC_CMD='rc /fo'
READLINE_LIB=''
REL_STRING='Built by Dreg https://github.com/therealdreg dreg@fr33project.org'
REL_TIMESTAMP='2023-07-24'
RFB_LIBS=' ws2_32.lib'
RMCOMMAND='-del'
RMMOD=''
SDL_SOUND_LINK_OPTS=''
SET_MAKE=''
SHELL='/bin/sh'
SLASH='\'
SOUNDHW_DLL_TARGETS='bx_sb16.dll bx_es1370.dll'
SOUNDHW_OBJS='sb16.o es1370.o'
SOUNDLOW_OBJS='soundwin.o'
SOUND_LIB_VAR='iodev/sound/libsound.a'
SPECIFIC_GUI_OBJS=' $(GUI_OBJS_RFB) $(GUI_OBJS_WIN32) $(GUI_OBJS_NOGUI)'
SPECIFIC_GUI_SUPPORT_OBJS=''
STRIP=''
SUFFIX_LINE='.SUFFIXES: .cc'
TAR='/usr/bin/tar'
TOOLKIT_CXXFLAGS=''
USBHC_DLL_TARGETS='bx_usb_uhci.dll bx_usb_ohci.dll bx_usb_ehci.dll bx_usb_xhci.dll'
USBHC_OBJS='usb_uhci.o usb_ohci.o usb_ehci.o usb_xhci.o'
USB_LIB_VAR='iodev/usb/libusb.a'
VERSION='2.7.dreg'
VER_MAJOR='2'
VER_MINOR='7'
VER_REVISION='0'
VER_SVN='1'
WGET='wget'
WIN32_DLL_IMPORT_LIB=''
WX_CFLAGS=''
WX_CONFIG='not_found'
WX_CXXFLAGS=''
XMKMF=''
X_CFLAGS=''
X_EXTRA_LIBS=''
X_LIBS=''
X_PRE_LIBS=''
YACC='/cygdrive/c/Program Files (x86)/GnuWin32/bin/yacc'
ac_ct_CC='gcc'
ac_ct_CXX='g++'
ac_ct_F77=''
bindir='${exec_prefix}/bin'
build='x86_64-pc-cygwin'
build_alias=''
build_cpu='x86_64'
build_os='cygwin'
build_vendor='pc'
datadir='${datarootdir}'
datarootdir='${prefix}/share'
docdir='${datarootdir}/doc/${PACKAGE}'
dvidir='${docdir}'
exec_prefix='${prefix}'
host='x86_64-pc-cygwin'
host_alias=''
host_cpu='x86_64'
host_os='cygwin'
host_vendor='pc'
htmldir='${docdir}'
includedir='${prefix}/include'
infodir='${datarootdir}/info'
libdir='${exec_prefix}/lib'
libexecdir='${exec_prefix}/libexec'
localedir='${datarootdir}/locale'
localstatedir='${prefix}/var'
mandir='${datarootdir}/man'
oldincludedir='/usr/include'
pdfdir='${docdir}'
prefix='/usr/local'
program_transform_name='s,x,x,'
psdir='${docdir}'
runstatedir='${localstatedir}/run'
sbindir='${exec_prefix}/sbin'
sharedstatedir='${prefix}/com'
sysconfdir='${prefix}/etc'
target='x86_64-pc-windows'
target_alias='x86_64-windows'
target_cpu='x86_64'
target_os='windows'
target_vendor='pc'

## ----------- ##
## confdefs.h. ##
## ----------- ##

/* confdefs.h */
#define PACKAGE_NAME ""
#define PACKAGE_TARNAME ""
#define PACKAGE_VERSION ""
#define PACKAGE_STRING ""
#define PACKAGE_BUGREPORT ""
#define PACKAGE_URL ""
#define MSVC_TARGET 64
#define X_DISPLAY_MISSING 1
#define SIZEOF_UNSIGNED_CHAR 1
#define SIZEOF_UNSIGNED_SHORT 2
#define SIZEOF_UNSIGNED_INT 4
#define SIZEOF_UNSIGNED_LONG 8
#define SIZEOF_UNSIGNED_LONG_LONG 8
#define HAVE_GETENV 1
#define BX_HAVE_GETENV 1
#define HAVE_SETENV 1
#define BX_HAVE_SETENV 1
#define HAVE_SNPRINTF 1
#define BX_HAVE_SNPRINTF 1
#define HAVE_VSNPRINTF 1
#define BX_HAVE_VSNPRINTF 1
#define BX_HAVE_SELECT 1
#define BX_HAVE_SOCKLEN_T 0
#define BX_HAVE_STRTOULL 1
#define BX_HAVE_STRTOUQ 0
#define BX_HAVE_STRDUP 1
#define BX_HAVE_STRREV 1
#define BX_HAVE_STRICMP 1
#define BX_HAVE_STRCASECMP 0
#define BX_HAVE_MKSTEMP 0
#define BX_HAVE_SYS_MMAN_H 0
#define BX_HAVE_GETTIMEOFDAY 0
#define BX_HAVE_USLEEP 0
#define BX_HAVE___BUILTIN_BSWAP32 0
#define BX_HAVE___BUILTIN_BSWAP64 0
#define BX_HAVE_TMPFILE64 0
#define BX_HAVE_FSEEK64 0
#define BX_HAVE_FSEEKO64 0
#define BX_HAVE_SSIZE_T 0
#define BX_HAVE_SETENV 0
#define SIZEOF_INT_P 8
#define HAVE_SLEEP 1
#define BX_HAVE_SLEEP 1
#define HAVE_NANOSLEEP 1
#define BX_HAVE_NANOSLEEP 1
#define HAVE_ABORT 1
#define BX_HAVE_ABORT 1
#define HAVE_TIMELOCAL 1
#define BX_HAVE_TIMELOCAL 1
#define HAVE_GMTIME 1
#define BX_HAVE_GMTIME 1
#define HAVE_MKTIME 1
#define BX_HAVE_MKTIME 1
#define _FILE_OFFSET_BITS 64
#define HAVE_LARGEFILE_SUPPORT 1
#define BX_HAVE_SET 1
#define BX_HAVE_MAP 1
#define BX_USE_IDLE_HACK 0
#define BX_HAVE_DLFCN_H 1
#define HAVE_ASSERT_H 1
#define BX_PLUGINS 0
#define BX_SUPPORT_A20 1
#define BX_SUPPORT_X86_64 1
#define BX_SUPPORT_SMP 1
#define BX_USE_CPU_SMF 0
#define BX_CPU_LEVEL 6
#define BX_PHY_ADDRESS_LONG 1
#define BX_LARGE_RAMFILE 1
#define BX_CONFIGURE_MSRS 1
#define BX_SHOW_IPS 1
#define BX_DEBUGGER 1
#define BX_GDBSTUB 0
#define BX_SUPPORT_IODEBUG 1
#define BX_SUPPORT_REPEAT_SPEEDUPS 1
#define BX_FAST_FUNC_CALL 1
#define BX_SUPPORT_HANDLERS_CHAINING_SPEEDUPS 0
#define BX_ENABLE_TRACE_LINKING 1
#define BX_INSTRUMENTATION 0
#define BX_NO_LOGGING 0
#define BX_ENABLE_STATISTICS 1
#define BX_ASSERT_ENABLE 1
#define BX_SUPPORT_FPU 1
#define BX_SUPPORT_VMX 2
#define BX_SUPPORT_SVM 0
#define BX_SUPPORT_PKEYS 0
#define BX_SUPPORT_CET 0
#define BX_SUPPORT_3DNOW 0
#define BX_SUPPORT_ALIGNMENT_CHECK 1
#define BX_SUPPORT_MONITOR_MWAIT 1
#define BX_SUPPORT_PERFMON 1
#define BX_SUPPORT_MEMTYPE 0
#define BX_SUPPORT_AVX 0
#define BX_SUPPORT_EVEX 0
#define BX_X86_DEBUGGER 0
#define BX_SUPPORT_PCI 1
#define BX_SUPPORT_PCIDEV 0
#define BX_SUPPORT_USB_UHCI 1
#define BX_SUPPORT_USB_OHCI 1
#define BX_SUPPORT_USB_EHCI 1
#define BX_SUPPORT_USB_XHCI 1
#define BX_SUPPORT_NE2K 1
#define BX_SUPPORT_PCIPNIC 0
#define BX_SUPPORT_E1000 1
#define BX_NETMOD_SLIRP 1
#define BX_NETMOD_SOCKET 1
#define BX_NETMOD_WIN32 1
#define BX_NETWORKING 1
#define USE_RAW_SERIAL 0
#define BX_SUPPORT_CLGD54XX 1
#define BX_SUPPORT_VOODOO 1
#define LOWLEVEL_CDROM cdrom_win32_c
#define BX_SUPPORT_CDROM 1
#define BX_SUPPORT_SB16 1
#define BX_SUPPORT_ES1370 1
#define BX_SUPPORT_SOUNDLOW 1
#define BX_HAVE_SOUND_WIN 1
#define BX_SOUND_LOWLEVEL_NAME "win"
#define BX_SUPPORT_GAMEPORT 1
#define BX_SUPPORT_BUSMOUSE 1
#define BX_WITH_RFB 1
#define BX_WITH_WIN32 1
#define BX_WITH_NOGUI 1
#define BX_DEFAULT_CONFIG_INTERFACE "win32config"
#define BX_DEFAULT_DISPLAY_LIBRARY "win32"
#define BX_USE_TEXTCONFIG 1
#define BX_USE_GUI_CONSOLE 1
#define BX_64BIT_CONSTANTS_USE_LL 0
#define BX_CPP_INLINE __forceinline
#define BX_NO_ATTRIBUTES 1
#define HAVE_LIBREADLINE 0
#define HAVE_READLINE_HISTORY_H 0
#define BX_HAVE_DLFCN_H 0
#define BX_DEBUGGER_GUI 1

configure: exit 0
